The system is: CYGWIN - 1.7.28(0.271/5/3) - x86_64
Compiling the C compiler identification source file "CMakeCCompilerId.c" succeeded.
Compiler: /usr/bin/cc 
Build flags: 
Id flags: 

The output was:
0


Compilation of the C compiler identification source "CMakeCCompilerId.c" produced "a.exe"

The C compiler identification is GNU, found in "/cygdrive/c/Users/Mikael/Documents/Reflex/LogicielOrdi/RenderReflex/source/libpng/CMakeFiles/2.8.11.2/CompilerIdC/a.exe"

Determining if the C compiler works passed with the following output:
Change Dir: /cygdrive/c/Users/Mikael/Documents/Reflex/LogicielOrdi/RenderReflex/source/libpng/CMakeFiles/CMakeTmp

Run Build Command:/usr/bin/make.exe "cmTryCompileExec2341283731/fast"
/usr/bin/make -f CMakeFiles/cmTryCompileExec2341283731.dir/build.make CMakeFiles/cmTryCompileExec2341283731.dir/build
make[1]: Entering directory '/cygdrive/c/Users/Mikael/Documents/Reflex/LogicielOrdi/RenderReflex/source/libpng/CMakeFiles/CMakeTmp'
/usr/bin/cmake.exe -E cmake_progress_report /cygdrive/c/Users/Mikael/Documents/Reflex/LogicielOrdi/RenderReflex/source/libpng/CMakeFiles/CMakeTmp/CMakeFiles 1
Building C object CMakeFiles/cmTryCompileExec2341283731.dir/testCCompiler.c.o
/usr/bin/cc    -o CMakeFiles/cmTryCompileExec2341283731.dir/testCCompiler.c.o   -c /cygdrive/c/Users/Mikael/Documents/Reflex/LogicielOrdi/RenderReflex/source/libpng/CMakeFiles/CMakeTmp/testCCompiler.c
Linking C executable cmTryCompileExec2341283731.exe
/usr/bin/cmake.exe -E cmake_link_script CMakeFiles/cmTryCompileExec2341283731.dir/link.txt --verbose=1
/usr/bin/cc       -Wl,--enable-auto-import  CMakeFiles/cmTryCompileExec2341283731.dir/testCCompiler.c.o  -o cmTryCompileExec2341283731.exe -Wl,--out-implib,libcmTryCompileExec2341283731.dll.a -Wl,--major-image-version,0,--minor-image-version,0  
make[1]: Leaving directory '/cygdrive/c/Users/Mikael/Documents/Reflex/LogicielOrdi/RenderReflex/source/libpng/CMakeFiles/CMakeTmp'


Detecting C compiler ABI info compiled with the following output:
Change Dir: /cygdrive/c/Users/Mikael/Documents/Reflex/LogicielOrdi/RenderReflex/source/libpng/CMakeFiles/CMakeTmp

Run Build Command:/usr/bin/make.exe "cmTryCompileExec1576138128/fast"
/usr/bin/make -f CMakeFiles/cmTryCompileExec1576138128.dir/build.make CMakeFiles/cmTryCompileExec1576138128.dir/build
make[1]: Entering directory '/cygdrive/c/Users/Mikael/Documents/Reflex/LogicielOrdi/RenderReflex/source/libpng/CMakeFiles/CMakeTmp'
/usr/bin/cmake.exe -E cmake_progress_report /cygdrive/c/Users/Mikael/Documents/Reflex/LogicielOrdi/RenderReflex/source/libpng/CMakeFiles/CMakeTmp/CMakeFiles 1
Building C object CMakeFiles/cmTryCompileExec1576138128.dir/CMakeCCompilerABI.c.o
/usr/bin/cc    -o CMakeFiles/cmTryCompileExec1576138128.dir/CMakeCCompilerABI.c.o   -c /usr/share/cmake-2.8.11.2/Modules/CMakeCCompilerABI.c
Linking C executable cmTryCompileExec1576138128.exe
/usr/bin/cmake.exe -E cmake_link_script CMakeFiles/cmTryCompileExec1576138128.dir/link.txt --verbose=1
/usr/bin/cc       -v CMakeFiles/cmTryCompileExec1576138128.dir/CMakeCCompilerABI.c.o  -o cmTryCompileExec1576138128.exe -Wl,--out-implib,libcmTryCompileExec1576138128.dll.a -Wl,--major-image-version,0,--minor-image-version,0   
Utilisation des specs internes.
COLLECT_GCC=/usr/bin/cc
COLLECT_LTO_WRAPPER=/usr/lib/gcc/x86_64-pc-cygwin/4.8.2/lto-wrapper.exe
Target: x86_64-pc-cygwin
Configuré avec: /cygdrive/i/szsz/tmpp/cygwin64/gcc/gcc-4.8.2-3/src/gcc-4.8.2/configure --srcdir=/cygdrive/i/szsz/tmpp/cygwin64/gcc/gcc-4.8.2-3/src/gcc-4.8.2 --prefix=/usr --exec-prefix=/usr --bindir=/usr/bin --sbindir=/usr/sbin --libexecdir=/usr/libexec --datadir=/usr/share --localstatedir=/var --sysconfdir=/etc --libdir=/usr/lib --datarootdir=/usr/share --docdir=/usr/share/doc/gcc --htmldir=/usr/share/doc/gcc/html -C --build=x86_64-pc-cygwin --host=x86_64-pc-cygwin --target=x86_64-pc-cygwin --without-libiconv-prefix --without-libintl-prefix --enable-shared --enable-shared-libgcc --enable-static --enable-version-specific-runtime-libs --enable-bootstrap --disable-__cxa_atexit --with-dwarf2 --with-tune=generic --enable-languages=ada,c,c++,fortran,lto,objc,obj-c++ --enable-graphite --enable-threads=posix --enable-libatomic --enable-libgomp --disable-libitm --enable-libquadmath --enable-libquadmath-support --enable-libssp --enable-libada --enable-libgcj-sublibs --disable-java-awt --disable-symvers --with-ecj-jar=/usr/share/java/ecj.jar --with-gnu-ld --with-gnu-as --with-cloog-include=/usr/include/cloog-isl --without-libiconv-prefix --without-libintl-prefix --with-system-zlib --libexecdir=/usr/lib
Modèle de thread: posix
gcc version 4.8.2 (GCC) 
COMPILER_PATH=/usr/lib/gcc/x86_64-pc-cygwin/4.8.2/:/usr/lib/gcc/x86_64-pc-cygwin/4.8.2/:/usr/lib/gcc/x86_64-pc-cygwin/:/usr/lib/gcc/x86_64-pc-cygwin/4.8.2/:/usr/lib/gcc/x86_64-pc-cygwin/:/usr/lib/gcc/x86_64-pc-cygwin/4.8.2/../../../../x86_64-pc-cygwin/bin/
LIBRARY_PATH=/usr/lib/gcc/x86_64-pc-cygwin/4.8.2/:/usr/lib/gcc/x86_64-pc-cygwin/4.8.2/../../../../x86_64-pc-cygwin/lib/../lib/:/usr/lib/gcc/x86_64-pc-cygwin/4.8.2/../../../../lib/:/lib/../lib/:/usr/lib/../lib/:/usr/lib/gcc/x86_64-pc-cygwin/4.8.2/../../../../x86_64-pc-cygwin/lib/:/usr/lib/gcc/x86_64-pc-cygwin/4.8.2/../../../:/lib/:/usr/lib/
COLLECT_GCC_OPTIONS='-v' '-o' 'cmTryCompileExec1576138128.exe' '-mtune=generic' '-march=x86-64'
 /usr/lib/gcc/x86_64-pc-cygwin/4.8.2/collect2.exe -m i386pep --wrap _Znwm --wrap _Znam --wrap _ZdlPv --wrap _ZdaPv --wrap _ZnwmRKSt9nothrow_t --wrap _ZnamRKSt9nothrow_t --wrap _ZdlPvRKSt9nothrow_t --wrap _ZdaPvRKSt9nothrow_t -Bdynamic --dll-search-prefix=cyg --tsaware -o cmTryCompileExec1576138128.exe /usr/lib/gcc/x86_64-pc-cygwin/4.8.2/../../../../lib/crt0.o /usr/lib/gcc/x86_64-pc-cygwin/4.8.2/crtbegin.o -L/usr/lib/gcc/x86_64-pc-cygwin/4.8.2 -L/usr/lib/gcc/x86_64-pc-cygwin/4.8.2/../../../../x86_64-pc-cygwin/lib/../lib -L/usr/lib/gcc/x86_64-pc-cygwin/4.8.2/../../../../lib -L/lib/../lib -L/usr/lib/../lib -L/usr/lib/gcc/x86_64-pc-cygwin/4.8.2/../../../../x86_64-pc-cygwin/lib -L/usr/lib/gcc/x86_64-pc-cygwin/4.8.2/../../.. CMakeFiles/cmTryCompileExec1576138128.dir/CMakeCCompilerABI.c.o --out-implib libcmTryCompileExec1576138128.dll.a --major-image-version 0 --minor-image-version 0 -lgcc_s -lgcc -lcygwin -ladvapi32 -lshell32 -luser32 -lkernel32 -lgcc_s -lgcc /usr/lib/gcc/x86_64-pc-cygwin/4.8.2/crtend.o
make[1]: Leaving directory '/cygdrive/c/Users/Mikael/Documents/Reflex/LogicielOrdi/RenderReflex/source/libpng/CMakeFiles/CMakeTmp'


Parsed C implicit link information from above output:
  link line regex: [^( *|.*[/\])(ld.exe|ld|collect2)[^/\]*( |$)]
  ignore line: [Change Dir: /cygdrive/c/Users/Mikael/Documents/Reflex/LogicielOrdi/RenderReflex/source/libpng/CMakeFiles/CMakeTmp]
  ignore line: []
  ignore line: [Run Build Command:/usr/bin/make.exe "cmTryCompileExec1576138128/fast"]
  ignore line: [/usr/bin/make -f CMakeFiles/cmTryCompileExec1576138128.dir/build.make CMakeFiles/cmTryCompileExec1576138128.dir/build]
  ignore line: [make[1]: Entering directory '/cygdrive/c/Users/Mikael/Documents/Reflex/LogicielOrdi/RenderReflex/source/libpng/CMakeFiles/CMakeTmp']
  ignore line: [/usr/bin/cmake.exe -E cmake_progress_report /cygdrive/c/Users/Mikael/Documents/Reflex/LogicielOrdi/RenderReflex/source/libpng/CMakeFiles/CMakeTmp/CMakeFiles 1]
  ignore line: [Building C object CMakeFiles/cmTryCompileExec1576138128.dir/CMakeCCompilerABI.c.o]
  ignore line: [/usr/bin/cc    -o CMakeFiles/cmTryCompileExec1576138128.dir/CMakeCCompilerABI.c.o   -c /usr/share/cmake-2.8.11.2/Modules/CMakeCCompilerABI.c]
  ignore line: [Linking C executable cmTryCompileExec1576138128.exe]
  ignore line: [/usr/bin/cmake.exe -E cmake_link_script CMakeFiles/cmTryCompileExec1576138128.dir/link.txt --verbose=1]
  ignore line: [/usr/bin/cc       -v CMakeFiles/cmTryCompileExec1576138128.dir/CMakeCCompilerABI.c.o  -o cmTryCompileExec1576138128.exe -Wl,--out-implib,libcmTryCompileExec1576138128.dll.a -Wl,--major-image-version,0,--minor-image-version,0   ]
  ignore line: [Utilisation des specs internes.]
  ignore line: [COLLECT_GCC=/usr/bin/cc]
  ignore line: [COLLECT_LTO_WRAPPER=/usr/lib/gcc/x86_64-pc-cygwin/4.8.2/lto-wrapper.exe]
  ignore line: [Target: x86_64-pc-cygwin]
  ignore line: [Configuré avec: /cygdrive/i/szsz/tmpp/cygwin64/gcc/gcc-4.8.2-3/src/gcc-4.8.2/configure --srcdir=/cygdrive/i/szsz/tmpp/cygwin64/gcc/gcc-4.8.2-3/src/gcc-4.8.2 --prefix=/usr --exec-prefix=/usr --bindir=/usr/bin --sbindir=/usr/sbin --libexecdir=/usr/libexec --datadir=/usr/share --localstatedir=/var --sysconfdir=/etc --libdir=/usr/lib --datarootdir=/usr/share --docdir=/usr/share/doc/gcc --htmldir=/usr/share/doc/gcc/html -C --build=x86_64-pc-cygwin --host=x86_64-pc-cygwin --target=x86_64-pc-cygwin --without-libiconv-prefix --without-libintl-prefix --enable-shared --enable-shared-libgcc --enable-static --enable-version-specific-runtime-libs --enable-bootstrap --disable-__cxa_atexit --with-dwarf2 --with-tune=generic --enable-languages=ada,c,c++,fortran,lto,objc,obj-c++ --enable-graphite --enable-threads=posix --enable-libatomic --enable-libgomp --disable-libitm --enable-libquadmath --enable-libquadmath-support --enable-libssp --enable-libada --enable-libgcj-sublibs --disable-java-awt --disable-symvers --with-ecj-jar=/usr/share/java/ecj.jar --with-gnu-ld --with-gnu-as --with-cloog-include=/usr/include/cloog-isl --without-libiconv-prefix --without-libintl-prefix --with-system-zlib --libexecdir=/usr/lib]
  ignore line: [Modèle de thread: posix]
  ignore line: [gcc version 4.8.2 (GCC) ]
  ignore line: [COMPILER_PATH=/usr/lib/gcc/x86_64-pc-cygwin/4.8.2/:/usr/lib/gcc/x86_64-pc-cygwin/4.8.2/:/usr/lib/gcc/x86_64-pc-cygwin/:/usr/lib/gcc/x86_64-pc-cygwin/4.8.2/:/usr/lib/gcc/x86_64-pc-cygwin/:/usr/lib/gcc/x86_64-pc-cygwin/4.8.2/../../../../x86_64-pc-cygwin/bin/]
  ignore line: [LIBRARY_PATH=/usr/lib/gcc/x86_64-pc-cygwin/4.8.2/:/usr/lib/gcc/x86_64-pc-cygwin/4.8.2/../../../../x86_64-pc-cygwin/lib/../lib/:/usr/lib/gcc/x86_64-pc-cygwin/4.8.2/../../../../lib/:/lib/../lib/:/usr/lib/../lib/:/usr/lib/gcc/x86_64-pc-cygwin/4.8.2/../../../../x86_64-pc-cygwin/lib/:/usr/lib/gcc/x86_64-pc-cygwin/4.8.2/../../../:/lib/:/usr/lib/]
  ignore line: [COLLECT_GCC_OPTIONS='-v' '-o' 'cmTryCompileExec1576138128.exe' '-mtune=generic' '-march=x86-64']
  link line: [ /usr/lib/gcc/x86_64-pc-cygwin/4.8.2/collect2.exe -m i386pep --wrap _Znwm --wrap _Znam --wrap _ZdlPv --wrap _ZdaPv --wrap _ZnwmRKSt9nothrow_t --wrap _ZnamRKSt9nothrow_t --wrap _ZdlPvRKSt9nothrow_t --wrap _ZdaPvRKSt9nothrow_t -Bdynamic --dll-search-prefix=cyg --tsaware -o cmTryCompileExec1576138128.exe /usr/lib/gcc/x86_64-pc-cygwin/4.8.2/../../../../lib/crt0.o /usr/lib/gcc/x86_64-pc-cygwin/4.8.2/crtbegin.o -L/usr/lib/gcc/x86_64-pc-cygwin/4.8.2 -L/usr/lib/gcc/x86_64-pc-cygwin/4.8.2/../../../../x86_64-pc-cygwin/lib/../lib -L/usr/lib/gcc/x86_64-pc-cygwin/4.8.2/../../../../lib -L/lib/../lib -L/usr/lib/../lib -L/usr/lib/gcc/x86_64-pc-cygwin/4.8.2/../../../../x86_64-pc-cygwin/lib -L/usr/lib/gcc/x86_64-pc-cygwin/4.8.2/../../.. CMakeFiles/cmTryCompileExec1576138128.dir/CMakeCCompilerABI.c.o --out-implib libcmTryCompileExec1576138128.dll.a --major-image-version 0 --minor-image-version 0 -lgcc_s -lgcc -lcygwin -ladvapi32 -lshell32 -luser32 -lkernel32 -lgcc_s -lgcc /usr/lib/gcc/x86_64-pc-cygwin/4.8.2/crtend.o]
    arg [/usr/lib/gcc/x86_64-pc-cygwin/4.8.2/collect2.exe] ==> ignore
    arg [-m] ==> ignore
    arg [i386pep] ==> ignore
    arg [--wrap] ==> ignore
    arg [_Znwm] ==> ignore
    arg [--wrap] ==> ignore
    arg [_Znam] ==> ignore
    arg [--wrap] ==> ignore
    arg [_ZdlPv] ==> ignore
    arg [--wrap] ==> ignore
    arg [_ZdaPv] ==> ignore
    arg [--wrap] ==> ignore
    arg [_ZnwmRKSt9nothrow_t] ==> ignore
    arg [--wrap] ==> ignore
    arg [_ZnamRKSt9nothrow_t] ==> ignore
    arg [--wrap] ==> ignore
    arg [_ZdlPvRKSt9nothrow_t] ==> ignore
    arg [--wrap] ==> ignore
    arg [_ZdaPvRKSt9nothrow_t] ==> ignore
    arg [-Bdynamic] ==> ignore
    arg [--dll-search-prefix=cyg] ==> ignore
    arg [--tsaware] ==> ignore
    arg [-o] ==> ignore
    arg [cmTryCompileExec1576138128.exe] ==> ignore
    arg [/usr/lib/gcc/x86_64-pc-cygwin/4.8.2/../../../../lib/crt0.o] ==> ignore
    arg [/usr/lib/gcc/x86_64-pc-cygwin/4.8.2/crtbegin.o] ==> ignore
    arg [-L/usr/lib/gcc/x86_64-pc-cygwin/4.8.2] ==> dir [/usr/lib/gcc/x86_64-pc-cygwin/4.8.2]
    arg [-L/usr/lib/gcc/x86_64-pc-cygwin/4.8.2/../../../../x86_64-pc-cygwin/lib/../lib] ==> dir [/usr/lib/gcc/x86_64-pc-cygwin/4.8.2/../../../../x86_64-pc-cygwin/lib/../lib]
    arg [-L/usr/lib/gcc/x86_64-pc-cygwin/4.8.2/../../../../lib] ==> dir [/usr/lib/gcc/x86_64-pc-cygwin/4.8.2/../../../../lib]
    arg [-L/lib/../lib] ==> dir [/lib/../lib]
    arg [-L/usr/lib/../lib] ==> dir [/usr/lib/../lib]
    arg [-L/usr/lib/gcc/x86_64-pc-cygwin/4.8.2/../../../../x86_64-pc-cygwin/lib] ==> dir [/usr/lib/gcc/x86_64-pc-cygwin/4.8.2/../../../../x86_64-pc-cygwin/lib]
    arg [-L/usr/lib/gcc/x86_64-pc-cygwin/4.8.2/../../..] ==> dir [/usr/lib/gcc/x86_64-pc-cygwin/4.8.2/../../..]
    arg [CMakeFiles/cmTryCompileExec1576138128.dir/CMakeCCompilerABI.c.o] ==> ignore
    arg [--out-implib] ==> ignore
    arg [libcmTryCompileExec1576138128.dll.a] ==> ignore
    arg [--major-image-version] ==> ignore
    arg [0] ==> ignore
    arg [--minor-image-version] ==> ignore
    arg [0] ==> ignore
    arg [-lgcc_s] ==> lib [gcc_s]
    arg [-lgcc] ==> lib [gcc]
    arg [-lcygwin] ==> lib [cygwin]
    arg [-ladvapi32] ==> lib [advapi32]
    arg [-lshell32] ==> lib [shell32]
    arg [-luser32] ==> lib [user32]
    arg [-lkernel32] ==> lib [kernel32]
    arg [-lgcc_s] ==> lib [gcc_s]
    arg [-lgcc] ==> lib [gcc]
    arg [/usr/lib/gcc/x86_64-pc-cygwin/4.8.2/crtend.o] ==> ignore
  remove lib [gcc_s]
  remove lib [gcc]
  remove lib [gcc_s]
  remove lib [gcc]
  collapse library dir [/usr/lib/gcc/x86_64-pc-cygwin/4.8.2] ==> [/usr/lib/gcc/x86_64-pc-cygwin/4.8.2]
  collapse library dir [/usr/lib/gcc/x86_64-pc-cygwin/4.8.2/../../../../x86_64-pc-cygwin/lib/../lib] ==> [/usr/x86_64-pc-cygwin/lib]
  collapse library dir [/usr/lib/gcc/x86_64-pc-cygwin/4.8.2/../../../../lib] ==> [/usr/lib]
  collapse library dir [/lib/../lib] ==> [/lib]
  collapse library dir [/usr/lib/../lib] ==> [/usr/lib]
  collapse library dir [/usr/lib/gcc/x86_64-pc-cygwin/4.8.2/../../../../x86_64-pc-cygwin/lib] ==> [/usr/x86_64-pc-cygwin/lib]
  collapse library dir [/usr/lib/gcc/x86_64-pc-cygwin/4.8.2/../../..] ==> [/usr/lib]
  implicit libs: [cygwin;advapi32;shell32;user32;kernel32]
  implicit dirs: [/usr/lib/gcc/x86_64-pc-cygwin/4.8.2;/usr/x86_64-pc-cygwin/lib;/usr/lib;/lib]
  implicit fwks: []


